

Started GET "/" for 127.0.0.1 at 2015-09-08 08:37:19 -0400
Processing by Rails::WelcomeController#index as HTML
  Rendered /home/shawn/.rbenv/versions/2.2.2/lib/ruby/gems/2.2.0/gems/railties-4.2.1/lib/rails/templates/rails/welcome/index.html.erb (13.6ms)
Completed 200 OK in 185ms (Views: 142.9ms | ActiveRecord: 0.0ms)


Started GET "/rails/info/properties" for 127.0.0.1 at 2015-09-08 08:37:22 -0400
Processing by Rails::InfoController#properties as HTML
  Rendered /home/shawn/.rbenv/versions/2.2.2/lib/ruby/gems/2.2.0/gems/railties-4.2.1/lib/rails/templates/rails/info/properties.html.erb (2.6ms)
Completed 200 OK in 413ms (Views: 131.7ms | ActiveRecord: 3.8ms)
  [1m[36m (165.5ms)[0m  [1mCREATE TABLE "schema_migrations" ("version" character varying NOT NULL) [0m
  [1m[35m (5.5ms)[0m  CREATE UNIQUE INDEX  "unique_schema_migrations" ON "schema_migrations"  ("version")
  [1m[36mActiveRecord::SchemaMigration Load (0.4ms)[0m  [1mSELECT "schema_migrations".* FROM "schema_migrations"[0m
Migrating to CreateMakes (20150909180135)
  [1m[36mActiveRecord::SchemaMigration Load (0.2ms)[0m  [1mSELECT "schema_migrations".* FROM "schema_migrations"[0m
Migrating to CreateMakes (20150909180135)
  [1m[36mActiveRecord::SchemaMigration Load (0.2ms)[0m  [1mSELECT "schema_migrations".* FROM "schema_migrations"[0m
Migrating to CreateMakes (20150909180135)
  [1m[35m (0.0ms)[0m  BEGIN
  [1m[36m (109.7ms)[0m  [1mCREATE TABLE "makes" ("id" serial primary key, "name" character varying NOT NULL, "logo_url" character varying NOT NULL, "created_at" timestamp NOT NULL, "updated_at" timestamp NOT NULL) [0m
  [1m[35mSQL (0.6ms)[0m  INSERT INTO "schema_migrations" ("version") VALUES ($1)  [["version", "20150909180135"]]
  [1m[36m (20.1ms)[0m  [1mCOMMIT[0m
Migrating to CreateModels (20150909180144)
  [1m[36mActiveRecord::SchemaMigration Load (0.3ms)[0m  [1mSELECT "schema_migrations".* FROM "schema_migrations"[0m
Migrating to CreateModels (20150909180144)
  [1m[35m (0.1ms)[0m  BEGIN
  [1m[36m (0.1ms)[0m  [1mROLLBACK[0m
  [1m[36mActiveRecord::SchemaMigration Load (0.2ms)[0m  [1mSELECT "schema_migrations".* FROM "schema_migrations"[0m
Migrating to CreateModels (20150909180144)
  [1m[35m (0.1ms)[0m  BEGIN
  [1m[36m (0.1ms)[0m  [1mROLLBACK[0m
  [1m[36mActiveRecord::SchemaMigration Load (0.2ms)[0m  [1mSELECT "schema_migrations".* FROM "schema_migrations"[0m
Migrating to CreateModels (20150909180144)
  [1m[35m (0.1ms)[0m  BEGIN
  [1m[36m (5.4ms)[0m  [1mCREATE TABLE "models" ("id" serial primary key, "name" character varying NOT NULL, "make_id" integer, "owns_id" integer, "created_at" timestamp NOT NULL, "updated_at" timestamp NOT NULL) [0m
  [1m[35m (1.5ms)[0m  CREATE  INDEX  "index_models_on_make_id" ON "models"  ("make_id")
  [1m[36m (1.4ms)[0m  [1mCREATE  INDEX  "index_models_on_owns_id" ON "models"  ("owns_id")[0m
  [1m[35mSQL (0.1ms)[0m  INSERT INTO "schema_migrations" ("version") VALUES ($1)  [["version", "20150909180144"]]
  [1m[36m (28.7ms)[0m  [1mCOMMIT[0m
Migrating to CreatePeople (20150909180209)
  [1m[35m (0.2ms)[0m  BEGIN
  [1m[36m (4.0ms)[0m  [1mCREATE TABLE "people" ("id" serial primary key, "name" character varying NOT NULL, "created_at" timestamp NOT NULL, "updated_at" timestamp NOT NULL) [0m
  [1m[35mSQL (0.1ms)[0m  INSERT INTO "schema_migrations" ("version") VALUES ($1)  [["version", "20150909180209"]]
  [1m[36m (27.2ms)[0m  [1mCOMMIT[0m
Migrating to CreateOwns (20150909183418)
  [1m[35m (0.1ms)[0m  BEGIN
  [1m[36m (2.7ms)[0m  [1mCREATE TABLE "owns" ("id" serial primary key, "person_id" integer, "model_id" integer, "inventory" integer DEFAULT 0 NOT NULL, "created_at" timestamp NOT NULL, "updated_at" timestamp NOT NULL) [0m
  [1m[35m (1.8ms)[0m  CREATE  INDEX  "index_owns_on_person_id" ON "owns"  ("person_id")
  [1m[36m (1.6ms)[0m  [1mCREATE  INDEX  "index_owns_on_model_id" ON "owns"  ("model_id")[0m
  [1m[35mSQL (0.1ms)[0m  INSERT INTO "schema_migrations" ("version") VALUES ($1)  [["version", "20150909183418"]]
  [1m[36m (22.5ms)[0m  [1mCOMMIT[0m
  [1m[35mActiveRecord::SchemaMigration Load (0.1ms)[0m  SELECT "schema_migrations".* FROM "schema_migrations"
  [1m[36m (3.7ms)[0m  [1mSELECT t2.oid::regclass::text AS to_table, a1.attname AS column, a2.attname AS primary_key, c.conname AS name, c.confupdtype AS on_update, c.confdeltype AS on_delete
FROM pg_constraint c
JOIN pg_class t1 ON c.conrelid = t1.oid
JOIN pg_class t2 ON c.confrelid = t2.oid
JOIN pg_attribute a1 ON a1.attnum = c.conkey[1] AND a1.attrelid = t1.oid
JOIN pg_attribute a2 ON a2.attnum = c.confkey[1] AND a2.attrelid = t2.oid
JOIN pg_namespace t3 ON c.connamespace = t3.oid
WHERE c.contype = 'f'
  AND t1.relname = 'makes'
  AND t3.nspname = ANY (current_schemas(false))
ORDER BY c.conname
[0m
  [1m[35m (3.7ms)[0m  SELECT t2.oid::regclass::text AS to_table, a1.attname AS column, a2.attname AS primary_key, c.conname AS name, c.confupdtype AS on_update, c.confdeltype AS on_delete
FROM pg_constraint c
JOIN pg_class t1 ON c.conrelid = t1.oid
JOIN pg_class t2 ON c.confrelid = t2.oid
JOIN pg_attribute a1 ON a1.attnum = c.conkey[1] AND a1.attrelid = t1.oid
JOIN pg_attribute a2 ON a2.attnum = c.confkey[1] AND a2.attrelid = t2.oid
JOIN pg_namespace t3 ON c.connamespace = t3.oid
WHERE c.contype = 'f'
  AND t1.relname = 'models'
  AND t3.nspname = ANY (current_schemas(false))
ORDER BY c.conname

  [1m[36m (3.6ms)[0m  [1mSELECT t2.oid::regclass::text AS to_table, a1.attname AS column, a2.attname AS primary_key, c.conname AS name, c.confupdtype AS on_update, c.confdeltype AS on_delete
FROM pg_constraint c
JOIN pg_class t1 ON c.conrelid = t1.oid
JOIN pg_class t2 ON c.confrelid = t2.oid
JOIN pg_attribute a1 ON a1.attnum = c.conkey[1] AND a1.attrelid = t1.oid
JOIN pg_attribute a2 ON a2.attnum = c.confkey[1] AND a2.attrelid = t2.oid
JOIN pg_namespace t3 ON c.connamespace = t3.oid
WHERE c.contype = 'f'
  AND t1.relname = 'owns'
  AND t3.nspname = ANY (current_schemas(false))
ORDER BY c.conname
[0m
  [1m[35m (3.4ms)[0m  SELECT t2.oid::regclass::text AS to_table, a1.attname AS column, a2.attname AS primary_key, c.conname AS name, c.confupdtype AS on_update, c.confdeltype AS on_delete
FROM pg_constraint c
JOIN pg_class t1 ON c.conrelid = t1.oid
JOIN pg_class t2 ON c.confrelid = t2.oid
JOIN pg_attribute a1 ON a1.attnum = c.conkey[1] AND a1.attrelid = t1.oid
JOIN pg_attribute a2 ON a2.attnum = c.confkey[1] AND a2.attrelid = t2.oid
JOIN pg_namespace t3 ON c.connamespace = t3.oid
WHERE c.contype = 'f'
  AND t1.relname = 'people'
  AND t3.nspname = ANY (current_schemas(false))
ORDER BY c.conname



Started GET "/" for 127.0.0.1 at 2015-09-09 15:18:57 -0400
  [1m[36mActiveRecord::SchemaMigration Load (0.7ms)[0m  [1mSELECT "schema_migrations".* FROM "schema_migrations"[0m
Processing by OwnsController#index as HTML
  Rendered owns/index.html.erb within layouts/application (1.0ms)
Completed 200 OK in 1048ms (Views: 1028.6ms | ActiveRecord: 0.0ms)


Started GET "/assets/owns.self-e3b0c44298fc1c149afbf4c8996fb92427ae41e4649b934ca495991b7852b855.css?body=1" for 127.0.0.1 at 2015-09-09 15:18:58 -0400


Started GET "/assets/model.self-e3b0c44298fc1c149afbf4c8996fb92427ae41e4649b934ca495991b7852b855.css?body=1" for 127.0.0.1 at 2015-09-09 15:18:58 -0400


Started GET "/assets/make.self-e3b0c44298fc1c149afbf4c8996fb92427ae41e4649b934ca495991b7852b855.css?body=1" for 127.0.0.1 at 2015-09-09 15:18:58 -0400


Started GET "/assets/person.self-e3b0c44298fc1c149afbf4c8996fb92427ae41e4649b934ca495991b7852b855.css?body=1" for 127.0.0.1 at 2015-09-09 15:18:58 -0400


Started GET "/assets/owns.self-877aef30ae1b040ab8a3aba4e3e309a11d7f2612f44dde450b5c157aa5f95c05.js?body=1" for 127.0.0.1 at 2015-09-09 15:18:58 -0400


Started GET "/assets/make.self-877aef30ae1b040ab8a3aba4e3e309a11d7f2612f44dde450b5c157aa5f95c05.js?body=1" for 127.0.0.1 at 2015-09-09 15:18:58 -0400


Started GET "/assets/person.self-877aef30ae1b040ab8a3aba4e3e309a11d7f2612f44dde450b5c157aa5f95c05.js?body=1" for 127.0.0.1 at 2015-09-09 15:18:58 -0400


Started GET "/assets/model.self-877aef30ae1b040ab8a3aba4e3e309a11d7f2612f44dde450b5c157aa5f95c05.js?body=1" for 127.0.0.1 at 2015-09-09 15:18:58 -0400


Started GET "/" for 127.0.0.1 at 2015-09-09 15:19:47 -0400
Processing by OwnsController#index as HTML
  Rendered owns/index.html.erb within layouts/application (0.1ms)
Completed 200 OK in 41ms (Views: 40.6ms | ActiveRecord: 0.0ms)


Started GET "/assets/make.self-e3b0c44298fc1c149afbf4c8996fb92427ae41e4649b934ca495991b7852b855.css?body=1" for 127.0.0.1 at 2015-09-09 15:19:47 -0400


Started GET "/assets/model.self-e3b0c44298fc1c149afbf4c8996fb92427ae41e4649b934ca495991b7852b855.css?body=1" for 127.0.0.1 at 2015-09-09 15:19:47 -0400


Started GET "/assets/owns.self-e3b0c44298fc1c149afbf4c8996fb92427ae41e4649b934ca495991b7852b855.css?body=1" for 127.0.0.1 at 2015-09-09 15:19:47 -0400


Started GET "/assets/person.self-e3b0c44298fc1c149afbf4c8996fb92427ae41e4649b934ca495991b7852b855.css?body=1" for 127.0.0.1 at 2015-09-09 15:19:47 -0400


Started GET "/assets/application.self-e80e8f2318043e8af94dddc2adad5a4f09739a8ebb323b3ab31cd71d45fd9113.css?body=1" for 127.0.0.1 at 2015-09-09 15:19:47 -0400


Started GET "/assets/jquery.self-a714331225dda820228db323939889f149aec0127aeb06255646b616ba1ca419.js?body=1" for 127.0.0.1 at 2015-09-09 15:19:47 -0400


Started GET "/assets/jquery_ujs.self-d456baa54c1fa6be2ec3711f0a72ddf7a5b2f34a6b4f515f33767d6207b7d4b3.js?body=1" for 127.0.0.1 at 2015-09-09 15:19:47 -0400


Started GET "/assets/turbolinks.self-c37727e9bd6b2735da5c311aa83fead54ed0be6cc8bd9a65309e9c5abe2cbfff.js?body=1" for 127.0.0.1 at 2015-09-09 15:19:47 -0400


Started GET "/assets/make.self-877aef30ae1b040ab8a3aba4e3e309a11d7f2612f44dde450b5c157aa5f95c05.js?body=1" for 127.0.0.1 at 2015-09-09 15:19:47 -0400


Started GET "/assets/person.self-877aef30ae1b040ab8a3aba4e3e309a11d7f2612f44dde450b5c157aa5f95c05.js?body=1" for 127.0.0.1 at 2015-09-09 15:19:47 -0400


Started GET "/assets/owns.self-877aef30ae1b040ab8a3aba4e3e309a11d7f2612f44dde450b5c157aa5f95c05.js?body=1" for 127.0.0.1 at 2015-09-09 15:19:47 -0400


Started GET "/assets/model.self-877aef30ae1b040ab8a3aba4e3e309a11d7f2612f44dde450b5c157aa5f95c05.js?body=1" for 127.0.0.1 at 2015-09-09 15:19:47 -0400


Started GET "/assets/application.self-3b8dabdc891efe46b9a144b400ad69e37d7e5876bdc39dee783419a69d7ca819.js?body=1" for 127.0.0.1 at 2015-09-09 15:19:47 -0400
